INFO:     Will watch for changes in these directories: ['D:\\Code-Deploy']
INFO:     Uvicorn running on http://127.0.0.1:8000 (Press CTRL+C to quit)
INFO:     Started reloader process [20868] using StatReload
INFO:     Started server process [23876]
INFO:     Waiting for application startup.
INFO:     Application startup complete.
INFO:     Shutting down
INFO:     Waiting for application shutdown.
INFO:     Application shutdown complete.
INFO:     Finished server process [23876]
INFO:     Stopping reloader process [20868]
INFO:     Will watch for changes in these directories: ['D:\\Code-Deploy']
INFO:     Uvicorn running on http://127.0.0.1:8000 (Press CTRL+C to quit)
INFO:     Started reloader process [18416] using StatReload
INFO:     Started server process [8432]
INFO:     Waiting for application startup.
INFO:     Application startup complete.
INFO:     Shutting down
INFO:     Waiting for application shutdown.
INFO:     Application shutdown complete.
INFO:     Finished server process [8432]
INFO:     Stopping reloader process [18416]
